
ROM used:   73/8192 (1%)
            73/8192 (1%) including unused fragments

            0.1 Average locations per line
            5.6 Average locations per statement

RAM used:   8/368 (2%) at main() level
            9/368 (2%) worst case

Stack used: 0 worst case (0 in main + 0 for interrupts)
Stack size: 8

Lines Stmts  %   Files
----- ----- ---  -----
   23    13 100  main.c
    5     0   0  main.h
  708     0   0  ..\..\..\..\..\..\..\Program Files (x86)\PICC\Devices\16F877A.h
----- -----
  736    13 Total

Page ROM  %  RAM    Vol Diff  Functions:
---- --- --- ---    --- ----  ----------
0     22  30    1             @delay_ms1
0     47  64    0    248  3.7  main
 Inline         0             @cinit1

Program metrics:
    Functions               1
    Statements              13
    Comments                122
    Volume (V)              252
    Difficulty (D)          3.4
    Effort to implement (E) 847
    Time to implement (T)   1 minutes
    Est Delivered Bugs (B)  0
    Cyclomatic Complexity   2
    Maintainability (MI)    51

 Segment     Used  Free
-----------  ----  ----
00000-00003     4  0  
00004-007FF    69  1975  
00800-00FFF     0  2048  
01000-017FF     0  2048  
01800-01FFF     0  2048  



